<?xml version="1.0" encoding="UTF-8"?>
<testsuite xmlns:xsi="http://www.w3.org/2001/XMLSchema-instance" xsi:noNamespaceSchemaLocation="https://maven.apache.org/surefire/maven-surefire-plugin/xsd/surefire-test-report.xsd" name="cucumber_test.CucumberRunnerTest" time="7.625" tests="15" errors="0" skipped="0" failures="0">
  <properties>
    <property name="java.specification.version" value="16"/>
    <property name="sun.cpu.isalist" value="amd64"/>
    <property name="sun.jnu.encoding" value="Cp1251"/>
    <property name="java.class.path" value="D:\java\eclipse_artifacts\maven_test\target\test-classes;D:\java\eclipse_artifacts\maven_test\target\classes;C:\Users\пк\.m2\repository\com\itextpdf\itextpdf\5.5.13.2\itextpdf-5.5.13.2.jar;C:\Users\пк\.m2\repository\CreatePDF\PDFv.2.1\2.1\PDFv.2.1-2.1.jar;C:\Users\пк\.m2\repository\org\seleniumhq\selenium\selenium-java\3.141.59\selenium-java-3.141.59.jar;C:\Users\пк\.m2\repository\org\seleniumhq\selenium\selenium-api\3.141.59\selenium-api-3.141.59.jar;C:\Users\пк\.m2\repository\org\seleniumhq\selenium\selenium-chrome-driver\3.141.59\selenium-chrome-driver-3.141.59.jar;C:\Users\пк\.m2\repository\org\seleniumhq\selenium\selenium-edge-driver\3.141.59\selenium-edge-driver-3.141.59.jar;C:\Users\пк\.m2\repository\org\seleniumhq\selenium\selenium-firefox-driver\3.141.59\selenium-firefox-driver-3.141.59.jar;C:\Users\пк\.m2\repository\org\seleniumhq\selenium\selenium-ie-driver\3.141.59\selenium-ie-driver-3.141.59.jar;C:\Users\пк\.m2\repository\org\seleniumhq\selenium\selenium-opera-driver\3.141.59\selenium-opera-driver-3.141.59.jar;C:\Users\пк\.m2\repository\org\seleniumhq\selenium\selenium-remote-driver\3.141.59\selenium-remote-driver-3.141.59.jar;C:\Users\пк\.m2\repository\org\seleniumhq\selenium\selenium-safari-driver\3.141.59\selenium-safari-driver-3.141.59.jar;C:\Users\пк\.m2\repository\org\seleniumhq\selenium\selenium-support\3.141.59\selenium-support-3.141.59.jar;C:\Users\пк\.m2\repository\org\apache\commons\commons-exec\1.3\commons-exec-1.3.jar;C:\Users\пк\.m2\repository\com\google\guava\guava\25.0-jre\guava-25.0-jre.jar;C:\Users\пк\.m2\repository\com\google\code\findbugs\jsr305\1.3.9\jsr305-1.3.9.jar;C:\Users\пк\.m2\repository\org\checkerframework\checker-compat-qual\2.0.0\checker-compat-qual-2.0.0.jar;C:\Users\пк\.m2\repository\com\google\errorprone\error_prone_annotations\2.1.3\error_prone_annotations-2.1.3.jar;C:\Users\пк\.m2\repository\com\google\j2objc\j2objc-annotations\1.1\j2objc-annotations-1.1.jar;C:\Users\пк\.m2\repository\org\codehaus\mojo\animal-sniffer-annotations\1.14\animal-sniffer-annotations-1.14.jar;C:\Users\пк\.m2\repository\com\squareup\okhttp3\okhttp\3.11.0\okhttp-3.11.0.jar;C:\Users\пк\.m2\repository\com\squareup\okio\okio\1.14.0\okio-1.14.0.jar;C:\Users\пк\.m2\repository\org\assertj\assertj-core\3.10.0\assertj-core-3.10.0.jar;C:\Users\пк\.m2\repository\junit\junit\4.13.2\junit-4.13.2.jar;C:\Users\пк\.m2\repository\org\hamcrest\hamcrest-core\1.3\hamcrest-core-1.3.jar;C:\Users\пк\.m2\repository\io\cucumber\cucumber-java\7.5.0\cucumber-java-7.5.0.jar;C:\Users\пк\.m2\repository\io\cucumber\cucumber-core\7.5.0\cucumber-core-7.5.0.jar;C:\Users\пк\.m2\repository\io\cucumber\cucumber-gherkin\7.5.0\cucumber-gherkin-7.5.0.jar;C:\Users\пк\.m2\repository\io\cucumber\cucumber-gherkin-messages\7.5.0\cucumber-gherkin-messages-7.5.0.jar;C:\Users\пк\.m2\repository\io\cucumber\gherkin\23.0.1\gherkin-23.0.1.jar;C:\Users\пк\.m2\repository\io\cucumber\messages\18.0.0\messages-18.0.0.jar;C:\Users\пк\.m2\repository\io\cucumber\tag-expressions\4.1.0\tag-expressions-4.1.0.jar;C:\Users\пк\.m2\repository\io\cucumber\cucumber-expressions\16.0.0\cucumber-expressions-16.0.0.jar;C:\Users\пк\.m2\repository\io\cucumber\datatable\7.5.0\datatable-7.5.0.jar;C:\Users\пк\.m2\repository\io\cucumber\cucumber-plugin\7.5.0\cucumber-plugin-7.5.0.jar;C:\Users\пк\.m2\repository\io\cucumber\docstring\7.5.0\docstring-7.5.0.jar;C:\Users\пк\.m2\repository\io\cucumber\html-formatter\19.2.0\html-formatter-19.2.0.jar;C:\Users\пк\.m2\repository\io\cucumber\ci-environment\9.1.0\ci-environment-9.1.0.jar;C:\Users\пк\.m2\repository\org\apiguardian\apiguardian-api\1.1.2\apiguardian-api-1.1.2.jar;C:\Users\пк\.m2\repository\io\cucumber\cucumber-junit\7.5.0\cucumber-junit-7.5.0.jar;C:\Users\пк\.m2\repository\org\mockito\mockito-core\3.3.0\mockito-core-3.3.0.jar;C:\Users\пк\.m2\repository\org\objenesis\objenesis\2.6\objenesis-2.6.jar;C:\Users\пк\.m2\repository\net\bytebuddy\byte-buddy\1.10.5\byte-buddy-1.10.5.jar;C:\Users\пк\.m2\repository\net\bytebuddy\byte-buddy-agent\1.10.5\byte-buddy-agent-1.10.5.jar;"/>
    <property name="java.vm.vendor" value="Oracle Corporation"/>
    <property name="sun.arch.data.model" value="64"/>
    <property name="user.variant" value=""/>
    <property name="java.vendor.url" value="https://java.oracle.com/"/>
    <property name="user.timezone" value="Asia/Yekaterinburg"/>
    <property name="os.name" value="Windows 10"/>
    <property name="java.vm.specification.version" value="16"/>
    <property name="sun.java.launcher" value="SUN_STANDARD"/>
    <property name="user.country" value="RU"/>
    <property name="sun.boot.library.path" value="C:\Program Files\Java\jdk-16.0.2\bin"/>
    <property name="sun.java.command" value="C:\Users\7349~1\AppData\Local\Temp\surefire3873003633623653606\surefirebooter4000244344287848430.jar C:\Users\пк\AppData\Local\Temp\surefire3873003633623653606 2022-12-24T12-36-05_490-jvmRun1 surefire11225779692314721291tmp surefire_017415720036997794942tmp"/>
    <property name="jdk.debug" value="release"/>
    <property name="surefire.test.class.path" value="D:\java\eclipse_artifacts\maven_test\target\test-classes;D:\java\eclipse_artifacts\maven_test\target\classes;C:\Users\пк\.m2\repository\com\itextpdf\itextpdf\5.5.13.2\itextpdf-5.5.13.2.jar;C:\Users\пк\.m2\repository\CreatePDF\PDFv.2.1\2.1\PDFv.2.1-2.1.jar;C:\Users\пк\.m2\repository\org\seleniumhq\selenium\selenium-java\3.141.59\selenium-java-3.141.59.jar;C:\Users\пк\.m2\repository\org\seleniumhq\selenium\selenium-api\3.141.59\selenium-api-3.141.59.jar;C:\Users\пк\.m2\repository\org\seleniumhq\selenium\selenium-chrome-driver\3.141.59\selenium-chrome-driver-3.141.59.jar;C:\Users\пк\.m2\repository\org\seleniumhq\selenium\selenium-edge-driver\3.141.59\selenium-edge-driver-3.141.59.jar;C:\Users\пк\.m2\repository\org\seleniumhq\selenium\selenium-firefox-driver\3.141.59\selenium-firefox-driver-3.141.59.jar;C:\Users\пк\.m2\repository\org\seleniumhq\selenium\selenium-ie-driver\3.141.59\selenium-ie-driver-3.141.59.jar;C:\Users\пк\.m2\repository\org\seleniumhq\selenium\selenium-opera-driver\3.141.59\selenium-opera-driver-3.141.59.jar;C:\Users\пк\.m2\repository\org\seleniumhq\selenium\selenium-remote-driver\3.141.59\selenium-remote-driver-3.141.59.jar;C:\Users\пк\.m2\repository\org\seleniumhq\selenium\selenium-safari-driver\3.141.59\selenium-safari-driver-3.141.59.jar;C:\Users\пк\.m2\repository\org\seleniumhq\selenium\selenium-support\3.141.59\selenium-support-3.141.59.jar;C:\Users\пк\.m2\repository\org\apache\commons\commons-exec\1.3\commons-exec-1.3.jar;C:\Users\пк\.m2\repository\com\google\guava\guava\25.0-jre\guava-25.0-jre.jar;C:\Users\пк\.m2\repository\com\google\code\findbugs\jsr305\1.3.9\jsr305-1.3.9.jar;C:\Users\пк\.m2\repository\org\checkerframework\checker-compat-qual\2.0.0\checker-compat-qual-2.0.0.jar;C:\Users\пк\.m2\repository\com\google\errorprone\error_prone_annotations\2.1.3\error_prone_annotations-2.1.3.jar;C:\Users\пк\.m2\repository\com\google\j2objc\j2objc-annotations\1.1\j2objc-annotations-1.1.jar;C:\Users\пк\.m2\repository\org\codehaus\mojo\animal-sniffer-annotations\1.14\animal-sniffer-annotations-1.14.jar;C:\Users\пк\.m2\repository\com\squareup\okhttp3\okhttp\3.11.0\okhttp-3.11.0.jar;C:\Users\пк\.m2\repository\com\squareup\okio\okio\1.14.0\okio-1.14.0.jar;C:\Users\пк\.m2\repository\org\assertj\assertj-core\3.10.0\assertj-core-3.10.0.jar;C:\Users\пк\.m2\repository\junit\junit\4.13.2\junit-4.13.2.jar;C:\Users\пк\.m2\repository\org\hamcrest\hamcrest-core\1.3\hamcrest-core-1.3.jar;C:\Users\пк\.m2\repository\io\cucumber\cucumber-java\7.5.0\cucumber-java-7.5.0.jar;C:\Users\пк\.m2\repository\io\cucumber\cucumber-core\7.5.0\cucumber-core-7.5.0.jar;C:\Users\пк\.m2\repository\io\cucumber\cucumber-gherkin\7.5.0\cucumber-gherkin-7.5.0.jar;C:\Users\пк\.m2\repository\io\cucumber\cucumber-gherkin-messages\7.5.0\cucumber-gherkin-messages-7.5.0.jar;C:\Users\пк\.m2\repository\io\cucumber\gherkin\23.0.1\gherkin-23.0.1.jar;C:\Users\пк\.m2\repository\io\cucumber\messages\18.0.0\messages-18.0.0.jar;C:\Users\пк\.m2\repository\io\cucumber\tag-expressions\4.1.0\tag-expressions-4.1.0.jar;C:\Users\пк\.m2\repository\io\cucumber\cucumber-expressions\16.0.0\cucumber-expressions-16.0.0.jar;C:\Users\пк\.m2\repository\io\cucumber\datatable\7.5.0\datatable-7.5.0.jar;C:\Users\пк\.m2\repository\io\cucumber\cucumber-plugin\7.5.0\cucumber-plugin-7.5.0.jar;C:\Users\пк\.m2\repository\io\cucumber\docstring\7.5.0\docstring-7.5.0.jar;C:\Users\пк\.m2\repository\io\cucumber\html-formatter\19.2.0\html-formatter-19.2.0.jar;C:\Users\пк\.m2\repository\io\cucumber\ci-environment\9.1.0\ci-environment-9.1.0.jar;C:\Users\пк\.m2\repository\org\apiguardian\apiguardian-api\1.1.2\apiguardian-api-1.1.2.jar;C:\Users\пк\.m2\repository\io\cucumber\cucumber-junit\7.5.0\cucumber-junit-7.5.0.jar;C:\Users\пк\.m2\repository\org\mockito\mockito-core\3.3.0\mockito-core-3.3.0.jar;C:\Users\пк\.m2\repository\org\objenesis\objenesis\2.6\objenesis-2.6.jar;C:\Users\пк\.m2\repository\net\bytebuddy\byte-buddy\1.10.5\byte-buddy-1.10.5.jar;C:\Users\пк\.m2\repository\net\bytebuddy\byte-buddy-agent\1.10.5\byte-buddy-agent-1.10.5.jar;"/>
    <property name="sun.cpu.endian" value="little"/>
    <property name="user.home" value="C:\Users\пк"/>
    <property name="user.language" value="ru"/>
    <property name="java.specification.vendor" value="Oracle Corporation"/>
    <property name="java.version.date" value="2021-07-20"/>
    <property name="java.home" value="C:\Program Files\Java\jdk-16.0.2"/>
    <property name="file.separator" value="\"/>
    <property name="style.color" value="always"/>
    <property name="basedir" value="D:\java\eclipse_artifacts\maven_test"/>
    <property name="java.vm.compressedOopsMode" value="32-bit"/>
    <property name="line.separator" value="&#10;"/>
    <property name="java.vm.specification.vendor" value="Oracle Corporation"/>
    <property name="java.specification.name" value="Java Platform API Specification"/>
    <property name="surefire.real.class.path" value="C:\Users\7349~1\AppData\Local\Temp\surefire3873003633623653606\surefirebooter4000244344287848430.jar"/>
    <property name="user.script" value=""/>
    <property name="sun.management.compiler" value="HotSpot 64-Bit Tiered Compilers"/>
    <property name="java.runtime.version" value="16.0.2+7-67"/>
    <property name="user.name" value="пк"/>
    <property name="path.separator" value=";"/>
    <property name="os.version" value="10.0"/>
    <property name="java.runtime.name" value="Java(TM) SE Runtime Environment"/>
    <property name="file.encoding" value="Cp1251"/>
    <property name="java.vm.name" value="Java HotSpot(TM) 64-Bit Server VM"/>
    <property name="localRepository" value="C:\Users\пк\.m2\repository"/>
    <property name="java.vendor.url.bug" value="https://bugreport.java.com/bugreport/"/>
    <property name="java.io.tmpdir" value="C:\Users\7349~1\AppData\Local\Temp\"/>
    <property name="java.version" value="16.0.2"/>
    <property name="user.dir" value="D:\java\eclipse_artifacts\maven_test"/>
    <property name="os.arch" value="amd64"/>
    <property name="java.vm.specification.name" value="Java Virtual Machine Specification"/>
    <property name="sun.os.patch.level" value=""/>
    <property name="java.library.path" value="C:\Program Files\Java\jdk-16.0.2\bin;C:\WINDOWS\Sun\Java\bin;C:\WINDOWS\system32;C:\WINDOWS;D:/java/eclipse//plugins/org.eclipse.justj.openjdk.hotspot.jre.full.win32.x86_64_17.0.4.v20220903-1038/jre/bin/server;D:/java/eclipse//plugins/org.eclipse.justj.openjdk.hotspot.jre.full.win32.x86_64_17.0.4.v20220903-1038/jre/bin;C:\Program Files\Eclipse Foundation\jdk-8.0.302.8-hotspot\bin;C:\Program Files\Eclipse Foundation\jdk-16.0.2.7-hotspot\bin;C:\Program Files\Common Files\Oracle\Java\javapath;C:\Program Files (x86)\Common Files\Oracle\Java\javapath;D:\;D:\Scripts;C:\ProgramData\Oracle\Java\javapath;C:\Program Files\Java\jdk-15.0.2;C:\Program Files (x86)\Intel\Intel(R) Management Engine Components\iCLS\;C:\Program Files\Intel\Intel(R) Management Engine Components\iCLS\;C:\Windows\system32;C:\Windows;C:\Windows\System32\Wbem;C:\Windows\System32\WindowsPowerShell\v1.0\;C:\Program Files (x86)\Intel\Intel(R) Management Engine Components\DAL;C:\Program Files\Intel\Intel(R) Management Engine Components\DAL;C:\Program Files (x86)\Intel\Intel(R) Management Engine Components\IPT;C:\Program Files\Intel\Intel(R) Management Engine Components\IPT;C:\Program Files (x86)\NVIDIA Corporation\PhysX\Common;C:\WINDOWS\system32;C:\WINDOWS;C:\WINDOWS\System32\Wbem;C:\WINDOWS\System32\WindowsPowerShell\v1.0\;C:\WINDOWS\System32\OpenSSH\;C:\Program Files\NVIDIA Corporation\NVIDIA NvDLISR;D:\Android.1\cmdline-tools\latest\bin;C:\Program Files\Cloudflare\Cloudflare WARP\;C:\Program Files (x86)\dotnet\;D:\TSVN\bin;C:\maven\bin;C:\Users\пк\AppData\Local\Microsoft\WindowsApps;D:\dasda\Py\PyCharm Community Edition 2020.2.1\bin;;D:\Android.1\cmdline-tools\latest\bin;C:\maven\bin;;D:\java\eclipse;;."/>
    <property name="java.vm.info" value="mixed mode, sharing"/>
    <property name="java.vendor" value="Oracle Corporation"/>
    <property name="java.vm.version" value="16.0.2+7-67"/>
    <property name="sun.io.unicode.encoding" value="UnicodeLittle"/>
    <property name="java.class.version" value="60.0"/>
  </properties>
  <testcase name="Рассчёт умножение показателя на ставку" classname="Калькулятор" time="0.273"/>
  <testcase name="Av isn&apos;t Numeric" classname="Is it Numeric?" time="2.571"/>
  <testcase name="Рассчёт одного кВт для сельской местности" classname="Калькулятор для однозонного тарифа" time="0.012"/>
  <testcase name="Рассчёт одного кВт для города газовая плита" classname="Калькулятор для однозонного тарифа" time="0.129"/>
  <testcase name="Рассчёт одного кВт для города без газовой плиты" classname="Калькулятор для однозонного тарифа" time="0.064"/>
  <testcase name="Введены правильно показания" classname="Ввод показаний счетчика для однозонного тарифа" time="0.559"/>
  <testcase name="Введены неправильно показания" classname="Ввод показаний счетчика для однозонного тарифа" time="0.423"/>
  <testcase name="Пользователь перепутал поля" classname="Ввод показаний счетчика для однозонного тарифа" time="0.571"/>
  <testcase name="документ PDF создался" classname="создание PDF" time="1.923"/>
  <testcase name="Рассчёт одного кВт для дневного тарифа и одного кВт для ночного тарифа" classname="Калькулятор для двухзонного тарифа" time="0.037"/>
  <testcase name="Рассчёт одного кВт для дневного тарифа и одного кВт для ночного тарифа (город, есть плита)" classname="Калькулятор для двухзонного тарифа" time="0.056"/>
  <testcase name="Рассчёт одного кВт для дневного тарифа и одного кВт для ночного тарифа (город, без плиты)" classname="Калькулятор для двухзонного тарифа" time="0.028"/>
  <testcase name="Рассчёт одного кВт для дневного тарифа и одного кВт для ночного тарифа и одного кВт для полупикового" classname="Калькулятор для трёхзонного тарифа" time="0.021"/>
  <testcase name="Рассчёт одного кВт для дневного тарифа и одного кВт для ночного тарифа и одного кВт для полупикового (город, есть газ)" classname="Калькулятор для трёхзонного тарифа" time="0.039"/>
  <testcase name="Рассчёт одного кВт для дневного тарифа и одного кВт для ночного тарифа и одного кВт для полупикового (город, нет газа)" classname="Калькулятор для трёхзонного тарифа" time="0.052"/>
</testsuite>